<?xml version="1.0" encoding="UTF-8"?>
<!-- Generated by org.testng.reporters.JUnitXMLReporter -->
<testsuite ignored="0" hostname="DESKTOP-H43V1DC" failures="0" tests="5" name="allTests" time="42.412" errors="0" timestamp="2021-02-21T15:56:13 EET">
  <testcase classname="loginPage.AdminLoginLogout" name="successfulAdminLoginAndLogout" time="3.036"/>
  <testcase classname="loginPage.AdminLoginLogout" name="unsuccessfulAdminLoginAndLogout" time="3.207"/>
  <testcase classname="testsAdminPages.CreateAndDeleteNewUser" name="successfullyCreateAndDeleteNewAdmin" time="6.877"/>
  <testcase classname="testsAdminPages.CreateAndDeleteNewUser" name="successfullyCreateAndDeleteNewKindergartenSpecialist" time="4.363"/>
  <testcase classname="testsAdminPages.CreateAndDeleteNewUser" name="successfullyCreateAndDeleteNewParent" time="5.071"/>
</testsuite> <!-- allTests -->
