<?xml version="1.0" encoding="UTF-8"?>
<!-- Generated by org.testng.reporters.JUnitXMLReporter -->
<testsuite ignored="1" hostname="DESKTOP-H43V1DC" failures="0" tests="4" name="smoke" time="32.592" errors="0" timestamp="2021-03-17T13:38:10 EET">
  <testcase classname="login.AdminLoginLogout" name="successfulLoginAndLogout" time="1.402"/>
  <testcase classname="smokeTests.CheckIfAdminPagesWork" name="openAndAssertAllAdminPages" time="2.783"/>
  <testcase classname="smokeTests.CheckIfKindergartenSpecialistPagesWork" name="openAndAssertAllSpecialistPages" time="2.646"/>
  <testcase classname="smokeTests.CheckIfParentPagesWork" name="openAndAssertAllParentPages" time="2.777"/>
  <testcase classname="login.AdminLoginLogout" name="unsuccessfulLogin" time="0.0">
    <ignored/>
  </testcase> <!-- unsuccessfulLogin -->
</testsuite> <!-- smoke -->
